<?xml version="1.0" encoding="UTF-8"?>
<!-- Generated by org.testng.reporters.JUnitXMLReporter -->
<testsuite ignored="0" hostname="Murali" failures="2" tests="3" name="Surefire test" time="19.522" errors="0" timestamp="2026-04-08T16:28:59 IST">
  <testcase classname="org.tests.LoginTest" name="tanakaLogin" time="1.227"/>
  <testcase classname="org.tests.LoginTest" name="searchOneInput" time="5.128">
    <failure type="com.microsoft.playwright.impl.TargetClosedError" message="Error {
  message=&amp;apos;Target page, context or browser has been closed
  name=&amp;apos;TargetClosedError
  stack=&amp;apos;TargetClosedError:Target page, context or browser has been closed
Error
    at captureRawStack (C:\Users\DELL\AppData\Local\Temp\playwright-java-11042730437443801022\package\lib\utils\stackTrace.js:50:17)
    at LongStandingScope._race (C:\Users\DELL\AppData\Local\Temp\playwright-java-11042730437443801022\package\lib\utils\manualPromise.js:91:52)
    at LongStandingScope.race (C:\Users\DELL\AppData\Local\Temp\playwright-java-11042730437443801022\package\lib\utils\manualPromise.js:84:17)
    at FrameDispatcher._handleCommand (C:\Users\DELL\AppData\Local\Temp\playwright-java-11042730437443801022\package\lib\server\dispatchers\dispatcher.js:96:36)
    at DispatcherConnection.dispatch (C:\Users\DELL\AppData\Local\Temp\playwright-java-11042730437443801022\package\lib\server\dispatchers\dispatcher.js:361:39)
}
Call log:
- waiting for locator(&amp;quot;//input[@id=&amp;apos;home-search-input&amp;apos; or @placeholder=&amp;apos;Wiki内を検索&amp;apos;]&amp;quot;)
">
      <![CDATA[com.microsoft.playwright.impl.TargetClosedError: Error {
  message='Target page, context or browser has been closed
  name='TargetClosedError
  stack='TargetClosedError:Target page, context or browser has been closed
Error
    at captureRawStack (C:\Users\DELL\AppData\Local\Temp\playwright-java-11042730437443801022\package\lib\utils\stackTrace.js:50:17)
    at LongStandingScope._race (C:\Users\DELL\AppData\Local\Temp\playwright-java-11042730437443801022\package\lib\utils\manualPromise.js:91:52)
    at LongStandingScope.race (C:\Users\DELL\AppData\Local\Temp\playwright-java-11042730437443801022\package\lib\utils\manualPromise.js:84:17)
    at FrameDispatcher._handleCommand (C:\Users\DELL\AppData\Local\Temp\playwright-java-11042730437443801022\package\lib\server\dispatchers\dispatcher.js:96:36)
    at DispatcherConnection.dispatch (C:\Users\DELL\AppData\Local\Temp\playwright-java-11042730437443801022\package\lib\server\dispatchers\dispatcher.js:361:39)
}
Call log:
- waiting for locator("//input[@id='home-search-input' or @placeholder='Wiki内を検索']")

at com.microsoft.playwright.impl.WaitableResult.get(WaitableResult.java:54)
at com.microsoft.playwright.impl.ChannelOwner.runUntil(ChannelOwner.java:120)
at com.microsoft.playwright.impl.Connection.sendMessage(Connection.java:130)
at com.microsoft.playwright.impl.ChannelOwner.sendMessage(ChannelOwner.java:106)
at com.microsoft.playwright.impl.FrameImpl.fillImpl(FrameImpl.java:335)
at com.microsoft.playwright.impl.FrameImpl.lambda$fill$14(FrameImpl.java:325)
at com.microsoft.playwright.impl.LoggingSupport.lambda$withLogging$0(LoggingSupport.java:36)
at com.microsoft.playwright.impl.LoggingSupport.withLogging(LoggingSupport.java:47)
at com.microsoft.playwright.impl.ChannelOwner.withLogging(ChannelOwner.java:89)
at com.microsoft.playwright.impl.LoggingSupport.withLogging(LoggingSupport.java:35)
at com.microsoft.playwright.impl.FrameImpl.fill(FrameImpl.java:325)
at com.microsoft.playwright.impl.LocatorImpl.fill(LocatorImpl.java:235)
at com.microsoft.playwright.Locator.fill(Locator.java:3046)
at org.pages.HomePage.search_With_One_Input(HomePage.java:24)
at org.tests.LoginTest.searchOneInput(LoginTest.java:33)
at java.base/java.util.ArrayList.forEach(ArrayList.java:1596)
Caused by: com.microsoft.playwright.impl.TargetClosedError: Error {
  message='Target page, context or browser has been closed
  name='TargetClosedError
  stack='TargetClosedError:Target page, context or browser has been closed
Error
    at captureRawStack (C:\Users\DELL\AppData\Local\Temp\playwright-java-11042730437443801022\package\lib\utils\stackTrace.js:50:17)
    at LongStandingScope._race (C:\Users\DELL\AppData\Local\Temp\playwright-java-11042730437443801022\package\lib\utils\manualPromise.js:91:52)
    at LongStandingScope.race (C:\Users\DELL\AppData\Local\Temp\playwright-java-11042730437443801022\package\lib\utils\manualPromise.js:84:17)
    at FrameDispatcher._handleCommand (C:\Users\DELL\AppData\Local\Temp\playwright-java-11042730437443801022\package\lib\server\dispatchers\dispatcher.js:96:36)
    at DispatcherConnection.dispatch (C:\Users\DELL\AppData\Local\Temp\playwright-java-11042730437443801022\package\lib\server\dispatchers\dispatcher.js:361:39)
}
Call log:
- waiting for locator("//input[@id='home-search-input' or @placeholder='Wiki内を検索']")

at com.microsoft.playwright.impl.Connection.dispatch(Connection.java:256)
at com.microsoft.playwright.impl.Connection.processOneMessage(Connection.java:211)
at com.microsoft.playwright.impl.ChannelOwner.runUntil(ChannelOwner.java:118)
... 44 more
... Removed 30 stack frames]]>
    </failure>
  </testcase> <!-- searchOneInput -->
  <testcase classname="org.tests.LoginTest" name="searchOneInput" time="8.363">
    <failure type="com.microsoft.playwright.impl.TargetClosedError" message="Error {
  message=&amp;apos;Target page, context or browser has been closed
  name=&amp;apos;TargetClosedError
  stack=&amp;apos;TargetClosedError: Target page, context or browser has been closed
    at DispatcherConnection.dispatch (C:\Users\DELL\AppData\Local\Temp\playwright-java-11042730437443801022\package\lib\server\dispatchers\dispatcher.js:273:44)
    at transport.onmessage (C:\Users\DELL\AppData\Local\Temp\playwright-java-11042730437443801022\package\lib\cli\driver.js:52:57)
    at Immediate._onImmediate (C:\Users\DELL\AppData\Local\Temp\playwright-java-11042730437443801022\package\lib\protocol\transport.js:77:34)
    at process.processImmediate (node:internal/timers:478:21)
}">
      <![CDATA[com.microsoft.playwright.impl.TargetClosedError: Error {
  message='Target page, context or browser has been closed
  name='TargetClosedError
  stack='TargetClosedError: Target page, context or browser has been closed
    at DispatcherConnection.dispatch (C:\Users\DELL\AppData\Local\Temp\playwright-java-11042730437443801022\package\lib\server\dispatchers\dispatcher.js:273:44)
    at transport.onmessage (C:\Users\DELL\AppData\Local\Temp\playwright-java-11042730437443801022\package\lib\cli\driver.js:52:57)
    at Immediate._onImmediate (C:\Users\DELL\AppData\Local\Temp\playwright-java-11042730437443801022\package\lib\protocol\transport.js:77:34)
    at process.processImmediate (node:internal/timers:478:21)
}
at com.microsoft.playwright.impl.WaitableResult.get(WaitableResult.java:54)
at com.microsoft.playwright.impl.ChannelOwner.runUntil(ChannelOwner.java:120)
at com.microsoft.playwright.impl.Connection.sendMessage(Connection.java:130)
at com.microsoft.playwright.impl.ChannelOwner.sendMessage(ChannelOwner.java:106)
at com.microsoft.playwright.impl.PageImpl.screenshotImpl(PageImpl.java:1128)
at com.microsoft.playwright.impl.PageImpl.lambda$screenshot$66(PageImpl.java:1072)
at com.microsoft.playwright.impl.LoggingSupport.withLogging(LoggingSupport.java:47)
at com.microsoft.playwright.impl.ChannelOwner.withLogging(ChannelOwner.java:89)
at com.microsoft.playwright.impl.PageImpl.screenshot(PageImpl.java:1072)
at org.utils.ScreenshotUtil.capture(ScreenshotUtil.java:12)
at org.listeners.TestListener.onTestFailure(TestListener.java:26)
at java.base/java.util.ArrayList.forEach(ArrayList.java:1596)
Caused by: com.microsoft.playwright.impl.TargetClosedError: Error {
  message='Target page, context or browser has been closed
  name='TargetClosedError
  stack='TargetClosedError: Target page, context or browser has been closed
    at DispatcherConnection.dispatch (C:\Users\DELL\AppData\Local\Temp\playwright-java-11042730437443801022\package\lib\server\dispatchers\dispatcher.js:273:44)
    at transport.onmessage (C:\Users\DELL\AppData\Local\Temp\playwright-java-11042730437443801022\package\lib\cli\driver.js:52:57)
    at Immediate._onImmediate (C:\Users\DELL\AppData\Local\Temp\playwright-java-11042730437443801022\package\lib\protocol\transport.js:77:34)
    at process.processImmediate (node:internal/timers:478:21)
}
at com.microsoft.playwright.impl.Connection.dispatch(Connection.java:256)
at com.microsoft.playwright.impl.Connection.processOneMessage(Connection.java:211)
at com.microsoft.playwright.impl.ChannelOwner.runUntil(ChannelOwner.java:118)
... 39 more
... Removed 29 stack frames]]>
    </failure>
  </testcase> <!-- searchOneInput -->
</testsuite> <!-- Surefire test -->
