<?xml version="1.0" encoding="UTF-8"?>
<!-- Generated by org.testng.reporters.JUnitXMLReporter -->
<testsuite ignored="0" hostname="Murali" failures="1" tests="6" name="Surefire test" time="110.689" errors="0" timestamp="2026-04-09T23:04:39 IST">
  <testcase classname="org.tests.LoginTest" name="search_With_Title" time="16.875"/>
  <testcase classname="org.tests.LoginTest" name="search_With_Content" time="15.676"/>
  <testcase classname="org.tests.LoginTest" name="search_With_Title_And_Content" time="15.876"/>
  <testcase classname="org.tests.LoginTest" name="search_With_Title_And_Content_Using_AND_Operation" time="16.301"/>
  <testcase classname="org.tests.LoginTest" name="search_With_Title_And_Content_Using_OR_Operation" time="15.543"/>
  <testcase classname="org.tests.LoginTest" name="search_Within_Category_Using_Title" time="30.011">
    <failure type="com.microsoft.playwright.TimeoutError" message="Error {
  message=&amp;apos;Timeout 30000ms exceeded.
  name=&amp;apos;TimeoutError
  stack=&amp;apos;TimeoutError: Timeout 30000ms exceeded.
    at ProgressController.run (C:\Users\DELL\AppData\Local\Temp\playwright-java-8247064885996755213\package\lib\server\progress.js:78:26)
    at Frame.click (C:\Users\DELL\AppData\Local\Temp\playwright-java-8247064885996755213\package\lib\server\frames.js:1001:23)
    at FrameDispatcher.click (C:\Users\DELL\AppData\Local\Temp\playwright-java-8247064885996755213\package\lib\server\dispatchers\frameDispatcher.js:158:30)
    at FrameDispatcher._handleCommand (C:\Users\DELL\AppData\Local\Temp\playwright-java-8247064885996755213\package\lib\server\dispatchers\dispatcher.js:94:40)
    at DispatcherConnection.dispatch (C:\Users\DELL\AppData\Local\Temp\playwright-java-8247064885996755213\package\lib\server\dispatchers\dispatcher.js:361:39)
}
Call log:
- waiting for locator(&amp;quot;//div[@id=&amp;apos;category-tab&amp;apos; and text()=&amp;apos;9999.テスト用カテゴリ&amp;apos;]&amp;quot;)
">
      <![CDATA[com.microsoft.playwright.TimeoutError: Error {
  message='Timeout 30000ms exceeded.
  name='TimeoutError
  stack='TimeoutError: Timeout 30000ms exceeded.
    at ProgressController.run (C:\Users\DELL\AppData\Local\Temp\playwright-java-8247064885996755213\package\lib\server\progress.js:78:26)
    at Frame.click (C:\Users\DELL\AppData\Local\Temp\playwright-java-8247064885996755213\package\lib\server\frames.js:1001:23)
    at FrameDispatcher.click (C:\Users\DELL\AppData\Local\Temp\playwright-java-8247064885996755213\package\lib\server\dispatchers\frameDispatcher.js:158:30)
    at FrameDispatcher._handleCommand (C:\Users\DELL\AppData\Local\Temp\playwright-java-8247064885996755213\package\lib\server\dispatchers\dispatcher.js:94:40)
    at DispatcherConnection.dispatch (C:\Users\DELL\AppData\Local\Temp\playwright-java-8247064885996755213\package\lib\server\dispatchers\dispatcher.js:361:39)
}
Call log:
- waiting for locator("//div[@id='category-tab' and text()='9999.テスト用カテゴリ']")

at com.microsoft.playwright.impl.WaitableResult.get(WaitableResult.java:52)
at com.microsoft.playwright.impl.ChannelOwner.runUntil(ChannelOwner.java:120)
at com.microsoft.playwright.impl.Connection.sendMessage(Connection.java:130)
at com.microsoft.playwright.impl.ChannelOwner.sendMessage(ChannelOwner.java:106)
at com.microsoft.playwright.impl.FrameImpl.clickImpl(FrameImpl.java:252)
at com.microsoft.playwright.impl.FrameImpl.lambda$click$8(FrameImpl.java:243)
at com.microsoft.playwright.impl.LoggingSupport.lambda$withLogging$0(LoggingSupport.java:36)
at com.microsoft.playwright.impl.LoggingSupport.withLogging(LoggingSupport.java:47)
at com.microsoft.playwright.impl.ChannelOwner.withLogging(ChannelOwner.java:89)
at com.microsoft.playwright.impl.LoggingSupport.withLogging(LoggingSupport.java:35)
at com.microsoft.playwright.impl.FrameImpl.click(FrameImpl.java:243)
at com.microsoft.playwright.impl.LocatorImpl.click(LocatorImpl.java:160)
at com.microsoft.playwright.Locator.click(Locator.java:2460)
at org.pages.SearchFunction.searchWithinCategoryUsingTitle(SearchFunction.java:180)
at org.tests.LoginTest.search_Within_Category_Using_Title(LoginTest.java:44)
at java.base/java.util.ArrayList.forEach(ArrayList.java:1596)
Caused by: com.microsoft.playwright.TimeoutError: Error {
  message='Timeout 30000ms exceeded.
  name='TimeoutError
  stack='TimeoutError: Timeout 30000ms exceeded.
    at ProgressController.run (C:\Users\DELL\AppData\Local\Temp\playwright-java-8247064885996755213\package\lib\server\progress.js:78:26)
    at Frame.click (C:\Users\DELL\AppData\Local\Temp\playwright-java-8247064885996755213\package\lib\server\frames.js:1001:23)
    at FrameDispatcher.click (C:\Users\DELL\AppData\Local\Temp\playwright-java-8247064885996755213\package\lib\server\dispatchers\frameDispatcher.js:158:30)
    at FrameDispatcher._handleCommand (C:\Users\DELL\AppData\Local\Temp\playwright-java-8247064885996755213\package\lib\server\dispatchers\dispatcher.js:94:40)
    at DispatcherConnection.dispatch (C:\Users\DELL\AppData\Local\Temp\playwright-java-8247064885996755213\package\lib\server\dispatchers\dispatcher.js:361:39)
}
Call log:
- waiting for locator("//div[@id='category-tab' and text()='9999.テスト用カテゴリ']")

at com.microsoft.playwright.impl.Connection.dispatch(Connection.java:254)
at com.microsoft.playwright.impl.Connection.processOneMessage(Connection.java:211)
at com.microsoft.playwright.impl.ChannelOwner.runUntil(ChannelOwner.java:118)
... 44 more
... Removed 30 stack frames]]>
    </failure>
  </testcase> <!-- search_Within_Category_Using_Title -->
</testsuite> <!-- Surefire test -->
