<?xml version="1.0" encoding="UTF-8"?>
<testsuite xmlns:xsi="http://www.w3.org/2001/XMLSchema-instance" xsi:noNamespaceSchemaLocation="https://maven.apache.org/surefire/maven-surefire-plugin/xsd/surefire-test-report-3.0.xsd" version="3.0" name="org.tests.LoginTest" time="149.583" tests="6" errors="0" skipped="0" failures="1">
  <properties>
[...]
</properties>
  <testcase name="search_With_Title" classname="org.tests.LoginTest" time="16.864">
    <system-out><![CDATA[INFO: Entered username
INFO: Entered password
INFO: submit button clicked
INFO: Home page loaded
INFO: *****search with title*****
INFO: title checkbox checked
INFO: content search checkbox unchecked
INFO: one word entered
INFO: search button clicked
INFO: Keyword highlighted/visible successfully.
]]></system-out>
  </testcase>
  <testcase name="search_With_Content" classname="org.tests.LoginTest" time="15.677">
    <system-out><![CDATA[INFO: *****search with content*****
INFO: title search checkbox unchecked
INFO: content search checkbox checked
INFO: two words entered
INFO: search button clicked
INFO: Keyword highlighted/visible successfully.
]]></system-out>
  </testcase>
  <testcase name="search_With_Title_And_Content" classname="org.tests.LoginTest" time="15.875">
    <system-out><![CDATA[INFO: *****search with title and content*****
INFO: title search checkbox checked
INFO: content search checkbox checked
INFO: keyword entered
INFO: search button clicked
INFO: Keyword highlighted/visible successfully.
]]></system-out>
  </testcase>
  <testcase name="search_With_Title_And_Content_Using_AND_Operation" classname="org.tests.LoginTest" time="16.301">
    <system-out><![CDATA[INFO: *****search with title and content using AND operation*****
INFO: title search checkbox checked
INFO: content search checkbox checked
INFO: AND search checkbox checked
INFO: OR search checkbox unchecked
INFO: keyword entered
INFO: search button clicked
INFO: Keyword highlighted/visible successfully.
]]></system-out>
  </testcase>
  <testcase name="search_With_Title_And_Content_Using_OR_Operation" classname="org.tests.LoginTest" time="15.541">
    <system-out><![CDATA[INFO: *****search with title and content using OR operation*****
INFO: title search checkbox checked
INFO: content search checkbox checked
INFO: OR search checkbox checked
INFO: AND search checkbox unchecked
INFO: keyword entered
INFO: search button clicked
INFO: Keyword highlighted/visible successfully.
]]></system-out>
  </testcase>
  <testcase name="search_Within_Category_Using_Title" classname="org.tests.LoginTest" time="30.031">
    <failure message="Error {&#10;  message=&apos;Timeout 30000ms exceeded.&#10;  name=&apos;TimeoutError&#10;  stack=&apos;TimeoutError: Timeout 30000ms exceeded.&#10;    at ProgressController.run (C:\Users\DELL\AppData\Local\Temp\playwright-java-8247064885996755213\package\lib\server\progress.js:78:26)&#10;    at Frame.click (C:\Users\DELL\AppData\Local\Temp\playwright-java-8247064885996755213\package\lib\server\frames.js:1001:23)&#10;    at FrameDispatcher.click (C:\Users\DELL\AppData\Local\Temp\playwright-java-8247064885996755213\package\lib\server\dispatchers\frameDispatcher.js:158:30)&#10;    at FrameDispatcher._handleCommand (C:\Users\DELL\AppData\Local\Temp\playwright-java-8247064885996755213\package\lib\server\dispatchers\dispatcher.js:94:40)&#10;    at DispatcherConnection.dispatch (C:\Users\DELL\AppData\Local\Temp\playwright-java-8247064885996755213\package\lib\server\dispatchers\dispatcher.js:361:39)&#10;}&#10;Call log:&#10;- waiting for locator(&quot;//div[@id=&apos;category-tab&apos; and text()=&apos;9999.テスト用カテゴリ&apos;]&quot;)&#10;" type="com.microsoft.playwright.TimeoutError"><![CDATA[com.microsoft.playwright.TimeoutError: 
Error {
  message='Timeout 30000ms exceeded.
  name='TimeoutError
  stack='TimeoutError: Timeout 30000ms exceeded.
    at ProgressController.run (C:\Users\DELL\AppData\Local\Temp\playwright-java-8247064885996755213\package\lib\server\progress.js:78:26)
    at Frame.click (C:\Users\DELL\AppData\Local\Temp\playwright-java-8247064885996755213\package\lib\server\frames.js:1001:23)
    at FrameDispatcher.click (C:\Users\DELL\AppData\Local\Temp\playwright-java-8247064885996755213\package\lib\server\dispatchers\frameDispatcher.js:158:30)
    at FrameDispatcher._handleCommand (C:\Users\DELL\AppData\Local\Temp\playwright-java-8247064885996755213\package\lib\server\dispatchers\dispatcher.js:94:40)
    at DispatcherConnection.dispatch (C:\Users\DELL\AppData\Local\Temp\playwright-java-8247064885996755213\package\lib\server\dispatchers\dispatcher.js:361:39)
}
Call log:
- waiting for locator("//div[@id='category-tab' and text()='9999.テスト用カテゴリ']")

	at com.microsoft.playwright.impl.WaitableResult.get(WaitableResult.java:52)
	at com.microsoft.playwright.impl.ChannelOwner.runUntil(ChannelOwner.java:120)
	at com.microsoft.playwright.impl.Connection.sendMessage(Connection.java:130)
	at com.microsoft.playwright.impl.ChannelOwner.sendMessage(ChannelOwner.java:106)
	at com.microsoft.playwright.impl.FrameImpl.clickImpl(FrameImpl.java:252)
	at com.microsoft.playwright.impl.FrameImpl.lambda$click$8(FrameImpl.java:243)
	at com.microsoft.playwright.impl.LoggingSupport.lambda$withLogging$0(LoggingSupport.java:36)
	at com.microsoft.playwright.impl.LoggingSupport.withLogging(LoggingSupport.java:47)
	at com.microsoft.playwright.impl.ChannelOwner.withLogging(ChannelOwner.java:89)
	at com.microsoft.playwright.impl.LoggingSupport.withLogging(LoggingSupport.java:35)
	at com.microsoft.playwright.impl.FrameImpl.click(FrameImpl.java:243)
	at com.microsoft.playwright.impl.LocatorImpl.click(LocatorImpl.java:160)
	at com.microsoft.playwright.Locator.click(Locator.java:2460)
	at org.pages.SearchFunction.searchWithinCategoryUsingTitle(SearchFunction.java:180)
	at org.tests.LoginTest.search_Within_Category_Using_Title(LoginTest.java:44)
	at java.base/jdk.internal.reflect.DirectMethodHandleAccessor.invoke(DirectMethodHandleAccessor.java:103)
	at java.base/java.lang.reflect.Method.invoke(Method.java:580)
	at org.testng.internal.invokers.MethodInvocationHelper.invokeMethod(MethodInvocationHelper.java:141)
	at org.testng.internal.invokers.TestInvoker.invokeMethod(TestInvoker.java:686)
	at org.testng.internal.invokers.TestInvoker.invokeTestMethod(TestInvoker.java:230)
	at org.testng.internal.invokers.MethodRunner.runInSequence(MethodRunner.java:63)
	at org.testng.internal.invokers.TestInvoker$MethodInvocationAgent.invoke(TestInvoker.java:992)
	at org.testng.internal.invokers.TestInvoker.invokeTestMethods(TestInvoker.java:203)
	at org.testng.internal.invokers.TestMethodWorker.invokeTestMethods(TestMethodWorker.java:154)
	at org.testng.internal.invokers.TestMethodWorker.run(TestMethodWorker.java:134)
	at java.base/java.util.ArrayList.forEach(ArrayList.java:1596)
	at org.testng.TestRunner.privateRun(TestRunner.java:739)
	at org.testng.TestRunner.run(TestRunner.java:614)
	at org.testng.SuiteRunner.runTest(SuiteRunner.java:421)
	at org.testng.SuiteRunner.runSequentially(SuiteRunner.java:413)
	at org.testng.SuiteRunner.privateRun(SuiteRunner.java:373)
	at org.testng.SuiteRunner.run(SuiteRunner.java:312)
	at org.testng.SuiteRunnerWorker.runSuite(SuiteRunnerWorker.java:52)
	at org.testng.SuiteRunnerWorker.run(SuiteRunnerWorker.java:95)
	at org.testng.TestNG.runSuitesSequentially(TestNG.java:1274)
	at org.testng.TestNG.runSuitesLocally(TestNG.java:1208)
	at org.testng.TestNG.runSuites(TestNG.java:1112)
	at org.testng.TestNG.run(TestNG.java:1079)
	at org.apache.maven.surefire.testng.TestNGExecutor.run(TestNGExecutor.java:151)
	at org.apache.maven.surefire.testng.TestNGDirectoryTestSuite.executeSingleClass(TestNGDirectoryTestSuite.java:111)
	at org.apache.maven.surefire.testng.TestNGDirectoryTestSuite.execute(TestNGDirectoryTestSuite.java:98)
	at org.apache.maven.surefire.testng.TestNGProvider.invoke(TestNGProvider.java:155)
	at org.apache.maven.surefire.booter.ForkedBooter.runSuitesInProcess(ForkedBooter.java:456)
	at org.apache.maven.surefire.booter.ForkedBooter.execute(ForkedBooter.java:169)
	at org.apache.maven.surefire.booter.ForkedBooter.run(ForkedBooter.java:595)
	at org.apache.maven.surefire.booter.ForkedBooter.main(ForkedBooter.java:581)
Caused by: com.microsoft.playwright.TimeoutError: Error {
  message='Timeout 30000ms exceeded.
  name='TimeoutError
  stack='TimeoutError: Timeout 30000ms exceeded.
    at ProgressController.run (C:\Users\DELL\AppData\Local\Temp\playwright-java-8247064885996755213\package\lib\server\progress.js:78:26)
    at Frame.click (C:\Users\DELL\AppData\Local\Temp\playwright-java-8247064885996755213\package\lib\server\frames.js:1001:23)
    at FrameDispatcher.click (C:\Users\DELL\AppData\Local\Temp\playwright-java-8247064885996755213\package\lib\server\dispatchers\frameDispatcher.js:158:30)
    at FrameDispatcher._handleCommand (C:\Users\DELL\AppData\Local\Temp\playwright-java-8247064885996755213\package\lib\server\dispatchers\dispatcher.js:94:40)
    at DispatcherConnection.dispatch (C:\Users\DELL\AppData\Local\Temp\playwright-java-8247064885996755213\package\lib\server\dispatchers\dispatcher.js:361:39)
}
Call log:
- waiting for locator("//div[@id='category-tab' and text()='9999.テスト用カテゴリ']")

	at com.microsoft.playwright.impl.Connection.dispatch(Connection.java:254)
	at com.microsoft.playwright.impl.Connection.processOneMessage(Connection.java:211)
	at com.microsoft.playwright.impl.ChannelOwner.runUntil(ChannelOwner.java:118)
	... 44 more
]]></failure>
    <system-out><![CDATA[INFO: *****search within category using title*****
INFO: Selecting Category
]]></system-out>
  </testcase>
</testsuite>