<?xml version="1.0" encoding="UTF-8"?>
<testsuite xmlns:xsi="http://www.w3.org/2001/XMLSchema-instance" xsi:noNamespaceSchemaLocation="https://maven.apache.org/surefire/maven-surefire-plugin/xsd/surefire-test-report-3.0.xsd" version="3.0" name="TestSuite" time="0.794" tests="2" errors="0" skipped="0" failures="0">
  <properties>
[...]
</properties>
  <testcase name="testAnotherExample" classname="org.base.BaseClassTest" time="0.004">
    <system-out><![CDATA[...
... TestNG 7.10.2 by Cédric Beust (cedric@beust.com)
...

Test setup before each test method
Running another sample test
]]></system-out>
  </testcase>
  <testcase name="testExample" classname="org.base.BaseClassTest" time="0">
    <system-out><![CDATA[Test cleanup after each test method
Test setup before each test method
Running sample test
]]></system-out>
  </testcase>
</testsuite>