<?xml version="1.0" encoding="UTF-8"?>
<testng-results ignored="0" total="6" passed="5" failed="1" skipped="0">
  <reporter-output>
  </reporter-output>
  <suite started-at="2026-04-09T23:02:49 IST" name="Surefire suite" finished-at="2026-04-09T23:04:39 IST" duration-ms="110689">
    <groups>
    </groups>
    <test started-at="2026-04-09T23:02:49 IST" name="Surefire test" finished-at="2026-04-09T23:04:39 IST" duration-ms="110689">
      <class name="org.tests.LoginTest">
        <test-method is-config="true" signature="setup()[pri:0, instance:org.tests.LoginTest@1817d444]" started-at="2026-04-09T23:02:20 IST" name="setup" finished-at="2026-04-09T23:02:49 IST" duration-ms="28168" status="PASS">
          <reporter-output>
          </reporter-output>
        </test-method> <!-- setup -->
        <test-method is-config="true" signature="init()[pri:0, instance:org.tests.LoginTest@1817d444]" started-at="2026-04-09T23:02:49 IST" name="init" finished-at="2026-04-09T23:02:49 IST" duration-ms="3" status="PASS">
          <reporter-output>
          </reporter-output>
        </test-method> <!-- init -->
        <test-method signature="search_With_Title()[pri:1, instance:org.tests.LoginTest@1817d444]" started-at="2026-04-09T23:02:49 IST" name="search_With_Title" finished-at="2026-04-09T23:03:06 IST" duration-ms="16875" status="PASS">
          <reporter-output>
          </reporter-output>
        </test-method> <!-- search_With_Title -->
        <test-method is-config="true" signature="init()[pri:0, instance:org.tests.LoginTest@1817d444]" started-at="2026-04-09T23:03:06 IST" name="init" finished-at="2026-04-09T23:03:06 IST" duration-ms="2" status="PASS">
          <reporter-output>
          </reporter-output>
        </test-method> <!-- init -->
        <test-method signature="search_With_Content()[pri:2, instance:org.tests.LoginTest@1817d444]" started-at="2026-04-09T23:03:06 IST" name="search_With_Content" finished-at="2026-04-09T23:03:21 IST" duration-ms="15676" status="PASS">
          <reporter-output>
          </reporter-output>
        </test-method> <!-- search_With_Content -->
        <test-method signature="search_With_Title_And_Content()[pri:3, instance:org.tests.LoginTest@1817d444]" started-at="2026-04-09T23:03:21 IST" name="search_With_Title_And_Content" finished-at="2026-04-09T23:03:37 IST" duration-ms="15876" status="PASS">
          <reporter-output>
          </reporter-output>
        </test-method> <!-- search_With_Title_And_Content -->
        <test-method is-config="true" signature="init()[pri:0, instance:org.tests.LoginTest@1817d444]" started-at="2026-04-09T23:03:21 IST" name="init" finished-at="2026-04-09T23:03:21 IST" duration-ms="0" status="PASS">
          <reporter-output>
          </reporter-output>
        </test-method> <!-- init -->
        <test-method is-config="true" signature="init()[pri:0, instance:org.tests.LoginTest@1817d444]" started-at="2026-04-09T23:03:37 IST" name="init" finished-at="2026-04-09T23:03:37 IST" duration-ms="3" status="PASS">
          <reporter-output>
          </reporter-output>
        </test-method> <!-- init -->
        <test-method signature="search_With_Title_And_Content_Using_AND_Operation()[pri:4, instance:org.tests.LoginTest@1817d444]" started-at="2026-04-09T23:03:37 IST" name="search_With_Title_And_Content_Using_AND_Operation" finished-at="2026-04-09T23:03:53 IST" duration-ms="16301" status="PASS">
          <reporter-output>
          </reporter-output>
        </test-method> <!-- search_With_Title_And_Content_Using_AND_Operation -->
        <test-method is-config="true" signature="init()[pri:0, instance:org.tests.LoginTest@1817d444]" started-at="2026-04-09T23:03:53 IST" name="init" finished-at="2026-04-09T23:03:53 IST" duration-ms="3" status="PASS">
          <reporter-output>
          </reporter-output>
        </test-method> <!-- init -->
        <test-method signature="search_With_Title_And_Content_Using_OR_Operation()[pri:5, instance:org.tests.LoginTest@1817d444]" started-at="2026-04-09T23:03:53 IST" name="search_With_Title_And_Content_Using_OR_Operation" finished-at="2026-04-09T23:04:09 IST" duration-ms="15543" status="PASS">
          <reporter-output>
          </reporter-output>
        </test-method> <!-- search_With_Title_And_Content_Using_OR_Operation -->
        <test-method is-config="true" signature="init()[pri:0, instance:org.tests.LoginTest@1817d444]" started-at="2026-04-09T23:04:09 IST" name="init" finished-at="2026-04-09T23:04:09 IST" duration-ms="1" status="PASS">
          <reporter-output>
          </reporter-output>
        </test-method> <!-- init -->
        <test-method signature="search_Within_Category_Using_Title()[pri:6, instance:org.tests.LoginTest@1817d444]" started-at="2026-04-09T23:04:09 IST" name="search_Within_Category_Using_Title" finished-at="2026-04-09T23:04:39 IST" duration-ms="30011" status="FAIL">
          <exception class="com.microsoft.playwright.TimeoutError">
            <message>
              <![CDATA[Error {
  message='Timeout 30000ms exceeded.
  name='TimeoutError
  stack='TimeoutError: Timeout 30000ms exceeded.
    at ProgressController.run (C:\Users\DELL\AppData\Local\Temp\playwright-java-8247064885996755213\package\lib\server\progress.js:78:26)
    at Frame.click (C:\Users\DELL\AppData\Local\Temp\playwright-java-8247064885996755213\package\lib\server\frames.js:1001:23)
    at FrameDispatcher.click (C:\Users\DELL\AppData\Local\Temp\playwright-java-8247064885996755213\package\lib\server\dispatchers\frameDispatcher.js:158:30)
    at FrameDispatcher._handleCommand (C:\Users\DELL\AppData\Local\Temp\playwright-java-8247064885996755213\package\lib\server\dispatchers\dispatcher.js:94:40)
    at DispatcherConnection.dispatch (C:\Users\DELL\AppData\Local\Temp\playwright-java-8247064885996755213\package\lib\server\dispatchers\dispatcher.js:361:39)
}
Call log:
- waiting for locator("//div[@id='category-tab' and text()='9999.テスト用カテゴリ']")
]]>
            </message>
            <full-stacktrace>
              <![CDATA[com.microsoft.playwright.TimeoutError: Error {
  message='Timeout 30000ms exceeded.
  name='TimeoutError
  stack='TimeoutError: Timeout 30000ms exceeded.
    at ProgressController.run (C:\Users\DELL\AppData\Local\Temp\playwright-java-8247064885996755213\package\lib\server\progress.js:78:26)
    at Frame.click (C:\Users\DELL\AppData\Local\Temp\playwright-java-8247064885996755213\package\lib\server\frames.js:1001:23)
    at FrameDispatcher.click (C:\Users\DELL\AppData\Local\Temp\playwright-java-8247064885996755213\package\lib\server\dispatchers\frameDispatcher.js:158:30)
    at FrameDispatcher._handleCommand (C:\Users\DELL\AppData\Local\Temp\playwright-java-8247064885996755213\package\lib\server\dispatchers\dispatcher.js:94:40)
    at DispatcherConnection.dispatch (C:\Users\DELL\AppData\Local\Temp\playwright-java-8247064885996755213\package\lib\server\dispatchers\dispatcher.js:361:39)
}
Call log:
- waiting for locator("//div[@id='category-tab' and text()='9999.テスト用カテゴリ']")

at com.microsoft.playwright.impl.WaitableResult.get(WaitableResult.java:52)
at com.microsoft.playwright.impl.ChannelOwner.runUntil(ChannelOwner.java:120)
at com.microsoft.playwright.impl.Connection.sendMessage(Connection.java:130)
at com.microsoft.playwright.impl.ChannelOwner.sendMessage(ChannelOwner.java:106)
at com.microsoft.playwright.impl.FrameImpl.clickImpl(FrameImpl.java:252)
at com.microsoft.playwright.impl.FrameImpl.lambda$click$8(FrameImpl.java:243)
at com.microsoft.playwright.impl.LoggingSupport.lambda$withLogging$0(LoggingSupport.java:36)
at com.microsoft.playwright.impl.LoggingSupport.withLogging(LoggingSupport.java:47)
at com.microsoft.playwright.impl.ChannelOwner.withLogging(ChannelOwner.java:89)
at com.microsoft.playwright.impl.LoggingSupport.withLogging(LoggingSupport.java:35)
at com.microsoft.playwright.impl.FrameImpl.click(FrameImpl.java:243)
at com.microsoft.playwright.impl.LocatorImpl.click(LocatorImpl.java:160)
at com.microsoft.playwright.Locator.click(Locator.java:2460)
at org.pages.SearchFunction.searchWithinCategoryUsingTitle(SearchFunction.java:180)
at org.tests.LoginTest.search_Within_Category_Using_Title(LoginTest.java:44)
at java.base/jdk.internal.reflect.DirectMethodHandleAccessor.invoke(DirectMethodHandleAccessor.java:103)
at java.base/java.lang.reflect.Method.invoke(Method.java:580)
at org.testng.internal.invokers.MethodInvocationHelper.invokeMethod(MethodInvocationHelper.java:141)
at org.testng.internal.invokers.TestInvoker.invokeMethod(TestInvoker.java:686)
at org.testng.internal.invokers.TestInvoker.invokeTestMethod(TestInvoker.java:230)
at org.testng.internal.invokers.MethodRunner.runInSequence(MethodRunner.java:63)
at org.testng.internal.invokers.TestInvoker$MethodInvocationAgent.invoke(TestInvoker.java:992)
at org.testng.internal.invokers.TestInvoker.invokeTestMethods(TestInvoker.java:203)
at org.testng.internal.invokers.TestMethodWorker.invokeTestMethods(TestMethodWorker.java:154)
at org.testng.internal.invokers.TestMethodWorker.run(TestMethodWorker.java:134)
at java.base/java.util.ArrayList.forEach(ArrayList.java:1596)
at org.testng.TestRunner.privateRun(TestRunner.java:739)
at org.testng.TestRunner.run(TestRunner.java:614)
at org.testng.SuiteRunner.runTest(SuiteRunner.java:421)
at org.testng.SuiteRunner.runSequentially(SuiteRunner.java:413)
at org.testng.SuiteRunner.privateRun(SuiteRunner.java:373)
at org.testng.SuiteRunner.run(SuiteRunner.java:312)
at org.testng.SuiteRunnerWorker.runSuite(SuiteRunnerWorker.java:52)
at org.testng.SuiteRunnerWorker.run(SuiteRunnerWorker.java:95)
at org.testng.TestNG.runSuitesSequentially(TestNG.java:1274)
at org.testng.TestNG.runSuitesLocally(TestNG.java:1208)
at org.testng.TestNG.runSuites(TestNG.java:1112)
at org.testng.TestNG.run(TestNG.java:1079)
at org.apache.maven.surefire.testng.TestNGExecutor.run(TestNGExecutor.java:151)
at org.apache.maven.surefire.testng.TestNGDirectoryTestSuite.executeSingleClass(TestNGDirectoryTestSuite.java:111)
at org.apache.maven.surefire.testng.TestNGDirectoryTestSuite.execute(TestNGDirectoryTestSuite.java:98)
at org.apache.maven.surefire.testng.TestNGProvider.invoke(TestNGProvider.java:155)
at org.apache.maven.surefire.booter.ForkedBooter.runSuitesInProcess(ForkedBooter.java:456)
at org.apache.maven.surefire.booter.ForkedBooter.execute(ForkedBooter.java:169)
at org.apache.maven.surefire.booter.ForkedBooter.run(ForkedBooter.java:595)
at org.apache.maven.surefire.booter.ForkedBooter.main(ForkedBooter.java:581)
Caused by: com.microsoft.playwright.TimeoutError: Error {
  message='Timeout 30000ms exceeded.
  name='TimeoutError
  stack='TimeoutError: Timeout 30000ms exceeded.
    at ProgressController.run (C:\Users\DELL\AppData\Local\Temp\playwright-java-8247064885996755213\package\lib\server\progress.js:78:26)
    at Frame.click (C:\Users\DELL\AppData\Local\Temp\playwright-java-8247064885996755213\package\lib\server\frames.js:1001:23)
    at FrameDispatcher.click (C:\Users\DELL\AppData\Local\Temp\playwright-java-8247064885996755213\package\lib\server\dispatchers\frameDispatcher.js:158:30)
    at FrameDispatcher._handleCommand (C:\Users\DELL\AppData\Local\Temp\playwright-java-8247064885996755213\package\lib\server\dispatchers\dispatcher.js:94:40)
    at DispatcherConnection.dispatch (C:\Users\DELL\AppData\Local\Temp\playwright-java-8247064885996755213\package\lib\server\dispatchers\dispatcher.js:361:39)
}
Call log:
- waiting for locator("//div[@id='category-tab' and text()='9999.テスト用カテゴリ']")

at com.microsoft.playwright.impl.Connection.dispatch(Connection.java:254)
at com.microsoft.playwright.impl.Connection.processOneMessage(Connection.java:211)
at com.microsoft.playwright.impl.ChannelOwner.runUntil(ChannelOwner.java:118)
... 44 more
]]>
            </full-stacktrace>
          </exception> <!-- com.microsoft.playwright.TimeoutError -->
          <reporter-output>
          </reporter-output>
        </test-method> <!-- search_Within_Category_Using_Title -->
        <test-method is-config="true" signature="tearDown()[pri:0, instance:org.tests.LoginTest@1817d444]" started-at="2026-04-09T23:04:48 IST" name="tearDown" finished-at="2026-04-09T23:04:48 IST" duration-ms="640" status="PASS">
          <reporter-output>
          </reporter-output>
        </test-method> <!-- tearDown -->
      </class> <!-- org.tests.LoginTest -->
    </test> <!-- Surefire test -->
  </suite> <!-- Surefire suite -->
</testng-results>
