<?xml version="1.0" encoding="UTF-8"?>
<testsuite xmlns:xsi="http://www.w3.org/2001/XMLSchema-instance" xsi:noNamespaceSchemaLocation="https://maven.apache.org/surefire/maven-surefire-plugin/xsd/surefire-test-report-3.0.xsd" version="3.0" name="TestSuite" time="80.984" tests="2" errors="0" skipped="0" failures="1">
  <properties>
[...]
</properties>
  <testcase name="tanakaLogin" classname="org.tests.LoginTest" time="1.203">
    <system-out><![CDATA[Login successful
]]></system-out>
  </testcase>
  <testcase name="searchOneInput" classname="org.tests.LoginTest" time="30.043">
    <failure message="Error {&#10;  message=&apos;Timeout 30000ms exceeded.&#10;  name=&apos;TimeoutError&#10;  stack=&apos;TimeoutError: Timeout 30000ms exceeded.&#10;    at ProgressController.run (C:\Users\DELL\AppData\Local\Temp\playwright-java-16071541716542607024\package\lib\server\progress.js:78:26)&#10;    at Frame.fill (C:\Users\DELL\AppData\Local\Temp\playwright-java-16071541716542607024\package\lib\server\frames.js:1046:23)&#10;    at FrameDispatcher.fill (C:\Users\DELL\AppData\Local\Temp\playwright-java-16071541716542607024\package\lib\server\dispatchers\frameDispatcher.js:170:30)&#10;    at FrameDispatcher._handleCommand (C:\Users\DELL\AppData\Local\Temp\playwright-java-16071541716542607024\package\lib\server\dispatchers\dispatcher.js:94:40)&#10;    at DispatcherConnection.dispatch (C:\Users\DELL\AppData\Local\Temp\playwright-java-16071541716542607024\package\lib\server\dispatchers\dispatcher.js:361:39)&#10;}&#10;Call log:&#10;- waiting for locator(&quot;//input[@id=&apos;home-search-input&apos; or @placeholder=&apos;Wiki内を検索&apos;]&quot;)&#10;" type="com.microsoft.playwright.TimeoutError"><![CDATA[com.microsoft.playwright.TimeoutError: 
Error {
  message='Timeout 30000ms exceeded.
  name='TimeoutError
  stack='TimeoutError: Timeout 30000ms exceeded.
    at ProgressController.run (C:\Users\DELL\AppData\Local\Temp\playwright-java-16071541716542607024\package\lib\server\progress.js:78:26)
    at Frame.fill (C:\Users\DELL\AppData\Local\Temp\playwright-java-16071541716542607024\package\lib\server\frames.js:1046:23)
    at FrameDispatcher.fill (C:\Users\DELL\AppData\Local\Temp\playwright-java-16071541716542607024\package\lib\server\dispatchers\frameDispatcher.js:170:30)
    at FrameDispatcher._handleCommand (C:\Users\DELL\AppData\Local\Temp\playwright-java-16071541716542607024\package\lib\server\dispatchers\dispatcher.js:94:40)
    at DispatcherConnection.dispatch (C:\Users\DELL\AppData\Local\Temp\playwright-java-16071541716542607024\package\lib\server\dispatchers\dispatcher.js:361:39)
}
Call log:
- waiting for locator("//input[@id='home-search-input' or @placeholder='Wiki内を検索']")

	at com.microsoft.playwright.impl.WaitableResult.get(WaitableResult.java:52)
	at com.microsoft.playwright.impl.ChannelOwner.runUntil(ChannelOwner.java:120)
	at com.microsoft.playwright.impl.Connection.sendMessage(Connection.java:130)
	at com.microsoft.playwright.impl.ChannelOwner.sendMessage(ChannelOwner.java:106)
	at com.microsoft.playwright.impl.FrameImpl.fillImpl(FrameImpl.java:335)
	at com.microsoft.playwright.impl.FrameImpl.lambda$fill$14(FrameImpl.java:325)
	at com.microsoft.playwright.impl.LoggingSupport.lambda$withLogging$0(LoggingSupport.java:36)
	at com.microsoft.playwright.impl.LoggingSupport.withLogging(LoggingSupport.java:47)
	at com.microsoft.playwright.impl.ChannelOwner.withLogging(ChannelOwner.java:89)
	at com.microsoft.playwright.impl.LoggingSupport.withLogging(LoggingSupport.java:35)
	at com.microsoft.playwright.impl.FrameImpl.fill(FrameImpl.java:325)
	at com.microsoft.playwright.impl.LocatorImpl.fill(LocatorImpl.java:235)
	at com.microsoft.playwright.Locator.fill(Locator.java:3046)
	at org.pages.HomePage.search_With_One_Input(HomePage.java:24)
	at org.tests.LoginTest.searchOneInput(LoginTest.java:33)
	at java.base/jdk.internal.reflect.DirectMethodHandleAccessor.invoke(DirectMethodHandleAccessor.java:103)
	at java.base/java.lang.reflect.Method.invoke(Method.java:580)
	at org.testng.internal.invokers.MethodInvocationHelper.invokeMethod(MethodInvocationHelper.java:141)
	at org.testng.internal.invokers.TestInvoker.invokeMethod(TestInvoker.java:686)
	at org.testng.internal.invokers.TestInvoker.invokeTestMethod(TestInvoker.java:230)
	at org.testng.internal.invokers.MethodRunner.runInSequence(MethodRunner.java:63)
	at org.testng.internal.invokers.TestInvoker$MethodInvocationAgent.invoke(TestInvoker.java:992)
	at org.testng.internal.invokers.TestInvoker.invokeTestMethods(TestInvoker.java:203)
	at org.testng.internal.invokers.TestMethodWorker.invokeTestMethods(TestMethodWorker.java:154)
	at org.testng.internal.invokers.TestMethodWorker.run(TestMethodWorker.java:134)
	at java.base/java.util.ArrayList.forEach(ArrayList.java:1596)
	at org.testng.TestRunner.privateRun(TestRunner.java:739)
	at org.testng.TestRunner.run(TestRunner.java:614)
	at org.testng.SuiteRunner.runTest(SuiteRunner.java:421)
	at org.testng.SuiteRunner.runSequentially(SuiteRunner.java:413)
	at org.testng.SuiteRunner.privateRun(SuiteRunner.java:373)
	at org.testng.SuiteRunner.run(SuiteRunner.java:312)
	at org.testng.SuiteRunnerWorker.runSuite(SuiteRunnerWorker.java:52)
	at org.testng.SuiteRunnerWorker.run(SuiteRunnerWorker.java:95)
	at org.testng.TestNG.runSuitesSequentially(TestNG.java:1274)
	at org.testng.TestNG.runSuitesLocally(TestNG.java:1208)
	at org.testng.TestNG.runSuites(TestNG.java:1112)
	at org.testng.TestNG.run(TestNG.java:1079)
	at org.apache.maven.surefire.testng.TestNGExecutor.run(TestNGExecutor.java:151)
	at org.apache.maven.surefire.testng.TestNGDirectoryTestSuite.executeMulti(TestNGDirectoryTestSuite.java:192)
	at org.apache.maven.surefire.testng.TestNGDirectoryTestSuite.execute(TestNGDirectoryTestSuite.java:93)
	at org.apache.maven.surefire.testng.TestNGProvider.invoke(TestNGProvider.java:155)
	at org.apache.maven.surefire.booter.ForkedBooter.runSuitesInProcess(ForkedBooter.java:456)
	at org.apache.maven.surefire.booter.ForkedBooter.execute(ForkedBooter.java:169)
	at org.apache.maven.surefire.booter.ForkedBooter.run(ForkedBooter.java:595)
	at org.apache.maven.surefire.booter.ForkedBooter.main(ForkedBooter.java:581)
Caused by: com.microsoft.playwright.TimeoutError: Error {
  message='Timeout 30000ms exceeded.
  name='TimeoutError
  stack='TimeoutError: Timeout 30000ms exceeded.
    at ProgressController.run (C:\Users\DELL\AppData\Local\Temp\playwright-java-16071541716542607024\package\lib\server\progress.js:78:26)
    at Frame.fill (C:\Users\DELL\AppData\Local\Temp\playwright-java-16071541716542607024\package\lib\server\frames.js:1046:23)
    at FrameDispatcher.fill (C:\Users\DELL\AppData\Local\Temp\playwright-java-16071541716542607024\package\lib\server\dispatchers\frameDispatcher.js:170:30)
    at FrameDispatcher._handleCommand (C:\Users\DELL\AppData\Local\Temp\playwright-java-16071541716542607024\package\lib\server\dispatchers\dispatcher.js:94:40)
    at DispatcherConnection.dispatch (C:\Users\DELL\AppData\Local\Temp\playwright-java-16071541716542607024\package\lib\server\dispatchers\dispatcher.js:361:39)
}
Call log:
- waiting for locator("//input[@id='home-search-input' or @placeholder='Wiki内を検索']")

	at com.microsoft.playwright.impl.Connection.dispatch(Connection.java:254)
	at com.microsoft.playwright.impl.Connection.processOneMessage(Connection.java:211)
	at com.microsoft.playwright.impl.ChannelOwner.runUntil(ChannelOwner.java:118)
	... 44 more
]]></failure>
  </testcase>
</testsuite>